<?xml version="1.0" encoding="UTF-8"?>
<coverage generated="1684919093662" clover="3.2.0">
  <project timestamp="1684919093662" name="All files">
    <metrics statements="4" coveredstatements="4" conditionals="2" coveredconditionals="2" methods="1" coveredmethods="1" elements="7" coveredelements="7" complexity="0" loc="4" ncloc="4" packages="1" files="1" classes="1"/>
    <file name="fibonacci.ts" path="/Users/javig/Documents/learning/testingsostenible/fibonacci/src/core/fibonacci.ts">
      <metrics statements="4" coveredstatements="4" conditionals="2" coveredconditionals="2" methods="1" coveredmethods="1"/>
      <line num="1" count="1" type="stmt"/>
      <line num="5" count="77" type="cond" truecount="1" falsecount="0"/>
      <line num="6" count="75" type="cond" truecount="1" falsecount="0"/>
      <line num="7" count="31" type="stmt"/>
    </file>
  </project>
</coverage>
